2021-05-23 03:08:18  __main__  INFO : Data Transfer service started
2021-05-23 03:08:18  urllib3.connectionpool  DEBUG : Starting new HTTP connection (1): www.google.com:80
2021-05-23 03:08:18  urllib3.connectionpool  DEBUG : http://www.google.com:80 "GET / HTTP/1.1" 200 6130
2021-05-23 03:08:19  __main__  INFO : Connected to the Internet
2021-05-23 03:08:19  OracleConn.OraConnect  INFO : Oracle service started
2021-05-23 03:08:19  botocore.hooks  DEBUG : Changing event name from creating-client-class.iot-data to creating-client-class.iot-data-plane
2021-05-23 03:08:19  botocore.hooks  DEBUG : Changing event name from before-call.apigateway to before-call.api-gateway
2021-05-23 03:08:19  botocore.hooks  DEBUG : Changing event name from request-created.machinelearning.Predict to request-created.machine-learning.Predict
2021-05-23 03:08:19  botocore.hooks  DEBUG : Changing event name from before-parameter-build.autoscaling.CreateLaunchConfiguration to before-parameter-build.auto-scaling.CreateLaunchConfiguration
2021-05-23 03:08:19  botocore.hooks  DEBUG : Changing event name from before-parameter-build.route53 to before-parameter-build.route-53
2021-05-23 03:08:19  botocore.hooks  DEBUG : Changing event name from request-created.cloudsearchdomain.Search to request-created.cloudsearch-domain.Search
2021-05-23 03:08:19  botocore.hooks  DEBUG : Changing event name from docs.*.autoscaling.CreateLaunchConfiguration.complete-section to docs.*.auto-scaling.CreateLaunchConfiguration.complete-section
2021-05-23 03:08:19  botocore.hooks  DEBUG : Changing event name from before-parameter-build.logs.CreateExportTask to before-parameter-build.cloudwatch-logs.CreateExportTask
2021-05-23 03:08:19  botocore.hooks  DEBUG : Changing event name from docs.*.logs.CreateExportTask.complete-section to docs.*.cloudwatch-logs.CreateExportTask.complete-section
2021-05-23 03:08:19  botocore.hooks  DEBUG : Changing event name from before-parameter-build.cloudsearchdomain.Search to before-parameter-build.cloudsearch-domain.Search
2021-05-23 03:08:19  botocore.hooks  DEBUG : Changing event name from docs.*.cloudsearchdomain.Search.complete-section to docs.*.cloudsearch-domain.Search.complete-section
2021-05-23 03:08:19  botocore.loaders  DEBUG : Loading JSON file: C:\Users\Airflow\AppData\Local\Programs\Python\Python37\lib\site-packages\botocore\data\endpoints.json
2021-05-23 03:08:19  botocore.hooks  DEBUG : Event choose-service-name: calling handler <function handle_service_name_alias at 0x000000000BCE41F8>
2021-05-23 03:08:19  botocore.loaders  DEBUG : Loading JSON file: C:\Users\Airflow\AppData\Local\Programs\Python\Python37\lib\site-packages\botocore\data\s3\2006-03-01\service-2.json
2021-05-23 03:08:19  botocore.hooks  DEBUG : Event creating-client-class.s3: calling handler <function add_generate_presigned_post at 0x000000000BD8ACA8>
2021-05-23 03:08:19  botocore.hooks  DEBUG : Event creating-client-class.s3: calling handler <function lazy_call.<locals>._handler at 0x0000000002F8FD38>
2021-05-23 03:08:19  botocore.hooks  DEBUG : Event creating-client-class.s3: calling handler <function add_generate_presigned_url at 0x000000000BD8AA68>
2021-05-23 03:08:19  botocore.endpoint  DEBUG : Setting s3 timeout as (60, 60)
2021-05-23 03:08:19  botocore.loaders  DEBUG : Loading JSON file: C:\Users\Airflow\AppData\Local\Programs\Python\Python37\lib\site-packages\botocore\data\_retry.json
2021-05-23 03:08:19  botocore.client  DEBUG : Registering retry handlers for service: s3
2021-05-23 03:08:19  AwsS3Conn.S3Connect  INFO : Aws S3 connected
2021-05-23 03:08:19  botocore.hooks  DEBUG : Event before-parameter-build.s3.CreateBucket: calling handler <function validate_bucket_name at 0x000000000BE06CA8>
2021-05-23 03:08:19  botocore.hooks  DEBUG : Event before-parameter-build.s3.CreateBucket: calling handler <bound method S3RegionRedirector.redirect_from_cache of <botocore.utils.S3RegionRedirector object at 0x00000000121F2588>>
2021-05-23 03:08:19  botocore.hooks  DEBUG : Event before-parameter-build.s3.CreateBucket: calling handler <bound method S3ArnParamHandler.handle_arn of <botocore.utils.S3ArnParamHandler object at 0x00000000121E1888>>
2021-05-23 03:08:19  botocore.hooks  DEBUG : Event before-parameter-build.s3.CreateBucket: calling handler <function generate_idempotent_uuid at 0x000000000BE06AF8>
2021-05-23 03:08:19  botocore.hooks  DEBUG : Event before-call.s3.CreateBucket: calling handler <function add_expect_header at 0x000000000BE0F048>
2021-05-23 03:08:19  botocore.hooks  DEBUG : Event before-call.s3.CreateBucket: calling handler <bound method S3RegionRedirector.set_request_url of <botocore.utils.S3RegionRedirector object at 0x00000000121F2588>>
2021-05-23 03:08:19  botocore.hooks  DEBUG : Event before-call.s3.CreateBucket: calling handler <function inject_api_version_header_if_needed at 0x000000000BE103A8>
2021-05-23 03:08:19  botocore.endpoint  DEBUG : Making request for OperationModel(name=CreateBucket) with params: {'url_path': '/orcl-bkup-stg-2021-05-23', 'query_string': {}, 'method': 'PUT', 'headers': {'User-Agent': 'Boto3/1.17.62 Python/3.7.4 Windows/7 Botocore/1.20.62'}, 'body': b'<CreateBucketConfiguration xmlns="http://s3.amazonaws.com/doc/2006-03-01/"><LocationConstraint>ap-south-1</LocationConstraint></CreateBucketConfiguration>', 'url': 'https://s3.ap-south-1.amazonaws.com/orcl-bkup-stg-2021-05-23', 'context': {'client_region': 'ap-south-1', 'client_config': <botocore.config.Config object at 0x00000000121DCEC8>, 'has_streaming_input': False, 'auth_type': None, 'signing': {'bucket': 'orcl-bkup-stg-2021-05-23'}}}
2021-05-23 03:08:19  botocore.hooks  DEBUG : Event request-created.s3.CreateBucket: calling handler <bound method RequestSigner.handler of <botocore.signers.RequestSigner object at 0x00000000121DCE88>>
2021-05-23 03:08:19  botocore.hooks  DEBUG : Event choose-signer.s3.CreateBucket: calling handler <function set_operation_specific_signer at 0x000000000BE069D8>
2021-05-23 03:08:19  botocore.hooks  DEBUG : Event before-sign.s3.CreateBucket: calling handler <bound method S3EndpointSetter.set_endpoint of <botocore.utils.S3EndpointSetter object at 0x00000000121F8088>>
2021-05-23 03:08:19  botocore.utils  DEBUG : Defaulting to S3 virtual host style addressing with path style addressing fallback.
2021-05-23 03:08:19  botocore.utils  DEBUG : Checking for DNS compatible bucket for: https://s3.ap-south-1.amazonaws.com/orcl-bkup-stg-2021-05-23
2021-05-23 03:08:19  botocore.utils  DEBUG : URI updated to: https://orcl-bkup-stg-2021-05-23.s3.ap-south-1.amazonaws.com/
2021-05-23 03:08:19  botocore.auth  DEBUG : Calculating signature using v4 auth.
2021-05-23 03:08:19  botocore.auth  DEBUG : CanonicalRequest:
PUT
/

host:orcl-bkup-stg-2021-05-23.s3.ap-south-1.amazonaws.com
x-amz-content-sha256:4a721217057c4d5019a418db756fc18e9dce8f67d4d23aa67d8f1819d1fb073c
x-amz-date:20210522T213819Z

host;x-amz-content-sha256;x-amz-date
4a721217057c4d5019a418db756fc18e9dce8f67d4d23aa67d8f1819d1fb073c
2021-05-23 03:08:19  botocore.auth  DEBUG : StringToSign:
AWS4-HMAC-SHA256
20210522T213819Z
20210522/ap-south-1/s3/aws4_request
c9abe77cfa24fb00fb0d3c8b2dbb2449b8a454fea4b10922b00be50e9a24763e
2021-05-23 03:08:19  botocore.auth  DEBUG : Signature:
68337b5b4e1ef1885c270559d4f80363625aa6a180a25072525003f202fc2fe2
2021-05-23 03:08:19  botocore.endpoint  DEBUG : Sending http request: <AWSPreparedRequest stream_output=False, method=PUT, url=https://orcl-bkup-stg-2021-05-23.s3.ap-south-1.amazonaws.com/, headers={'User-Agent': b'Boto3/1.17.62 Python/3.7.4 Windows/7 Botocore/1.20.62', 'X-Amz-Date': b'20210522T213819Z', 'X-Amz-Content-SHA256': b'4a721217057c4d5019a418db756fc18e9dce8f67d4d23aa67d8f1819d1fb073c', 'Authorization': b'AWS4-HMAC-SHA256 Credential=AKIARVFIS5JY6QTR7PJQ/20210522/ap-south-1/s3/aws4_request, SignedHeaders=host;x-amz-content-sha256;x-amz-date, Signature=68337b5b4e1ef1885c270559d4f80363625aa6a180a25072525003f202fc2fe2', 'Content-Length': '154'}>
2021-05-23 03:08:19  botocore.httpsession  DEBUG : Certificate path: C:\Users\Airflow\AppData\Local\Programs\Python\Python37\lib\site-packages\certifi\cacert.pem
2021-05-23 03:08:19  urllib3.connectionpool  DEBUG : Starting new HTTPS connection (1): orcl-bkup-stg-2021-05-23.s3.ap-south-1.amazonaws.com:443
2021-05-23 03:08:20  urllib3.connectionpool  DEBUG : https://orcl-bkup-stg-2021-05-23.s3.ap-south-1.amazonaws.com:443 "PUT / HTTP/1.1" 200 0
2021-05-23 03:08:20  botocore.parsers  DEBUG : Response headers: {'x-amz-id-2': '4v19bqE+p76JQMP5KCukj6nL6qwEqN2RRCyx2ZotFvkvpspXI8wMHYxVibjacGz6DlCXJcGD+Cs=', 'x-amz-request-id': 'RS6N78TMK2BVAWVY', 'Date': 'Sat, 22 May 2021 21:38:20 GMT', 'Location': 'http://orcl-bkup-stg-2021-05-23.s3.amazonaws.com/', 'Content-Length': '0', 'Server': 'AmazonS3'}
2021-05-23 03:08:20  botocore.parsers  DEBUG : Response body:
b''
2021-05-23 03:08:20  botocore.hooks  DEBUG : Event needs-retry.s3.CreateBucket: calling handler <botocore.retryhandler.RetryHandler object at 0x00000000121F2C48>
2021-05-23 03:08:20  botocore.retryhandler  DEBUG : No retry needed.
2021-05-23 03:08:20  botocore.hooks  DEBUG : Event needs-retry.s3.CreateBucket: calling handler <bound method S3RegionRedirector.redirect_from_error of <botocore.utils.S3RegionRedirector object at 0x00000000121F2588>>
2021-05-23 03:08:20  AwsS3Conn.S3Connect  INFO : AWS orcl-bkup-stg-2021-05-23 bucket has been created in region ap-south-1
